<?xml version="1.0" encoding="UTF-8"?>
<coverage generated="1673430303941" clover="3.2.0">
  <project timestamp="1673430303941" name="All files">
    <metrics statements="9" coveredstatements="9" conditionals="2" coveredconditionals="2" methods="4" coveredmethods="4" elements="15" coveredelements="15" complexity="0" loc="9" ncloc="9" packages="1" files="4" classes="4"/>
    <file name="bookModel.ts" path="D:\nodejs\jest-ts\src\bookModel.ts">
      <metrics statements="1" coveredstatements="1" conditionals="0" coveredconditionals="0" methods="0" coveredmethods="0"/>
      <line num="5" count="2" type="stmt"/>
    </file>
    <file name="bookRepo.ts" path="D:\nodejs\jest-ts\src\bookRepo.ts">
      <metrics statements="2" coveredstatements="2" conditionals="0" coveredconditionals="0" methods="2" coveredmethods="2"/>
      <line num="5" count="1" type="stmt"/>
      <line num="13" count="1" type="stmt"/>
    </file>
    <file name="bookService.ts" path="D:\nodejs\jest-ts\src\bookService.ts">
      <metrics statements="5" coveredstatements="5" conditionals="2" coveredconditionals="2" methods="2" coveredmethods="2"/>
      <line num="6" count="1" type="stmt"/>
      <line num="10" count="2" type="stmt"/>
      <line num="11" count="2" type="cond" truecount="2" falsecount="0"/>
      <line num="12" count="1" type="stmt"/>
      <line num="14" count="1" type="stmt"/>
    </file>
    <file name="database.ts" path="D:\nodejs\jest-ts\src\database.ts">
      <metrics statements="1" coveredstatements="1" conditionals="0" coveredconditionals="0" methods="0" coveredmethods="0"/>
      <line num="3" count="2" type="stmt"/>
    </file>
  </project>
</coverage>
