{"D:\\nodejs\\jest-ts\\src\\bookModel.ts": {"path":"D:\\nodejs\\jest-ts\\src\\bookModel.ts","statementMap":{"0":{"start":{"line":5,"column":0},"end":{"line":51,"column":2}}},"fnMap":{},"branchMap":{},"s":{"0":2},"f":{},"b":{},"_coverageSchema":"1a1c01bbd47fc00a2c39e90264f33305004495a9","hash":"e2e798ed91459008ec858e654f7dcb570fedd344"}
,"D:\\nodejs\\jest-ts\\src\\bookRepo.ts": {"path":"D:\\nodejs\\jest-ts\\src\\bookRepo.ts","statementMap":{"0":{"start":{"line":5,"column":8},"end":{"line":9,"column":11}},"1":{"start":{"line":13,"column":8},"end":{"line":17,"column":11}}},"fnMap":{"0":{"name":"(anonymous_0)","decl":{"start":{"line":4,"column":4},"end":{"line":4,"column":5}},"loc":{"start":{"line":4,"column":56},"end":{"line":10,"column":5}},"line":4},"1":{"name":"(anonymous_1)","decl":{"start":{"line":12,"column":4},"end":{"line":12,"column":5}},"loc":{"start":{"line":12,"column":48},"end":{"line":18,"column":5}},"line":12}},"branchMap":{},"s":{"0":1,"1":1},"f":{"0":1,"1":1},"b":{},"_coverageSchema":"1a1c01bbd47fc00a2c39e90264f33305004495a9","hash":"285f443b816f3a5eb11943b732a5f3192445ca09"}
,"D:\\nodejs\\jest-ts\\src\\bookService.ts": {"path":"D:\\nodejs\\jest-ts\\src\\bookService.ts","statementMap":{"0":{"start":{"line":6,"column":8},"end":{"line":6,"column":46}},"1":{"start":{"line":10,"column":21},"end":{"line":10,"column":57}},"2":{"start":{"line":11,"column":8},"end":{"line":13,"column":9}},"3":{"start":{"line":12,"column":12},"end":{"line":12,"column":49}},"4":{"start":{"line":14,"column":8},"end":{"line":14,"column":43}}},"fnMap":{"0":{"name":"(anonymous_0)","decl":{"start":{"line":5,"column":4},"end":{"line":5,"column":5}},"loc":{"start":{"line":5,"column":56},"end":{"line":7,"column":5}},"line":5},"1":{"name":"(anonymous_1)","decl":{"start":{"line":9,"column":4},"end":{"line":9,"column":5}},"loc":{"start":{"line":9,"column":54},"end":{"line":15,"column":5}},"line":9}},"branchMap":{"0":{"loc":{"start":{"line":11,"column":8},"end":{"line":13,"column":9}},"type":"if","locations":[{"start":{"line":11,"column":8},"end":{"line":13,"column":9}},{"start":{},"end":{}}],"line":11}},"s":{"0":1,"1":2,"2":2,"3":1,"4":1},"f":{"0":1,"1":2},"b":{"0":[1,1]},"_coverageSchema":"1a1c01bbd47fc00a2c39e90264f33305004495a9","hash":"018c9f76f26926dd4af51a8fb36e57650d1d5bcf"}
,"D:\\nodejs\\jest-ts\\src\\database.ts": {"path":"D:\\nodejs\\jest-ts\\src\\database.ts","statementMap":{"0":{"start":{"line":3,"column":29},"end":{"line":12,"column":1}}},"fnMap":{},"branchMap":{},"s":{"0":2},"f":{},"b":{},"_coverageSchema":"1a1c01bbd47fc00a2c39e90264f33305004495a9","hash":"0fd0f910da84582e0eea56f988427badc8f77550"}
}
